<?xml version="1.0" encoding="UTF-8"?>
<!-- Generated by org.testng.reporters.JUnitXMLReporter -->
<testsuite ignored="0" hostname="DESKTOP-IDVLP9L" failures="1" tests="1" name="Test(failed)" time="24.247" errors="0" timestamp="2024-07-23T08:35:07 IST">
  <testcase classname="testCases.TC002_LoginTest" name="LoginPage" time="5.669">
    <failure type="java.lang.AssertionError" message="expected [true] but found [false]">
      <![CDATA[java.lang.AssertionError: expected [true] but found [false]
at testCases.TC002_LoginTest.LoginPage(TC002_LoginTest.java:25)
at java.base/java.util.ArrayList.forEach(ArrayList.java:1597)
... Removed 29 stack frames]]>
    </failure>
  </testcase> <!-- LoginPage -->
</testsuite> <!-- Test(failed) -->
