<?xml version="1.0" encoding="UTF-8"?>
<testng-results ignored="0" total="2" passed="2" failed="0" skipped="0">
  <reporter-output>
  </reporter-output>
  <suite started-at="2024-08-24T16:04:57 IST" name="Suite" finished-at="2024-08-24T16:05:29 IST" duration-ms="31858">
    <groups>
      <group name="Master">
        <method signature="TC002_LoginTest.LoginPage()[pri:0, instance:testCases.TC002_LoginTest@b7c4869]" name="LoginPage" class="testCases.TC002_LoginTest"/>
        <method signature="TC_001_AccountRegistrationTest.verify_account_registration()[pri:0, instance:testCases.TC_001_AccountRegistrationTest@6d025197]" name="verify_account_registration" class="testCases.TC_001_AccountRegistrationTest"/>
      </group> <!-- Master -->
      <group name="Sanity">
        <method signature="TC002_LoginTest.LoginPage()[pri:0, instance:testCases.TC002_LoginTest@b7c4869]" name="LoginPage" class="testCases.TC002_LoginTest"/>
      </group> <!-- Sanity -->
      <group name="Regression">
        <method signature="TC_001_AccountRegistrationTest.verify_account_registration()[pri:0, instance:testCases.TC_001_AccountRegistrationTest@6d025197]" name="verify_account_registration" class="testCases.TC_001_AccountRegistrationTest"/>
      </group> <!-- Regression -->
    </groups>
    <test started-at="2024-08-24T16:04:57 IST" name="Test" finished-at="2024-08-24T16:05:29 IST" duration-ms="31858">
      <class name="testCases.TC_001_AccountRegistrationTest">
        <test-method is-config="true" signature="setUp(java.lang.String,java.lang.String)[pri:0, instance:testCases.TC_001_AccountRegistrationTest@6d025197]" started-at="2024-08-24T16:04:57 IST" name="setUp" finished-at="2024-08-24T16:05:09 IST" duration-ms="11572" status="PASS">
          <params>
            <param index="0">
              <value>
                <![CDATA[windows]]>
              </value>
            </param>
            <param index="1">
              <value>
                <![CDATA[chrome]]>
              </value>
            </param>
          </params>
          <reporter-output>
          </reporter-output>
        </test-method> <!-- setUp -->
        <test-method signature="verify_account_registration()[pri:0, instance:testCases.TC_001_AccountRegistrationTest@6d025197]" started-at="2024-08-24T16:05:09 IST" name="verify_account_registration" finished-at="2024-08-24T16:05:13 IST" duration-ms="4183" status="PASS">
          <reporter-output>
          </reporter-output>
        </test-method> <!-- verify_account_registration -->
        <test-method is-config="true" signature="tearDown()[pri:0, instance:testCases.TC_001_AccountRegistrationTest@6d025197]" started-at="2024-08-24T16:05:13 IST" name="tearDown" finished-at="2024-08-24T16:05:16 IST" duration-ms="3552" status="PASS">
          <reporter-output>
          </reporter-output>
        </test-method> <!-- tearDown -->
      </class> <!-- testCases.TC_001_AccountRegistrationTest -->
      <class name="testCases.TC002_LoginTest">
        <test-method is-config="true" signature="setUp(java.lang.String,java.lang.String)[pri:0, instance:testCases.TC002_LoginTest@b7c4869]" started-at="2024-08-24T16:05:16 IST" name="setUp" finished-at="2024-08-24T16:05:23 IST" duration-ms="7067" status="PASS">
          <params>
            <param index="0">
              <value>
                <![CDATA[windows]]>
              </value>
            </param>
            <param index="1">
              <value>
                <![CDATA[chrome]]>
              </value>
            </param>
          </params>
          <reporter-output>
          </reporter-output>
        </test-method> <!-- setUp -->
        <test-method signature="LoginPage()[pri:0, instance:testCases.TC002_LoginTest@b7c4869]" started-at="2024-08-24T16:05:23 IST" name="LoginPage" finished-at="2024-08-24T16:05:26 IST" duration-ms="2199" status="PASS">
          <reporter-output>
          </reporter-output>
        </test-method> <!-- LoginPage -->
        <test-method is-config="true" signature="tearDown()[pri:0, instance:testCases.TC002_LoginTest@b7c4869]" started-at="2024-08-24T16:05:26 IST" name="tearDown" finished-at="2024-08-24T16:05:29 IST" duration-ms="3175" status="PASS">
          <reporter-output>
          </reporter-output>
        </test-method> <!-- tearDown -->
      </class> <!-- testCases.TC002_LoginTest -->
    </test> <!-- Test -->
  </suite> <!-- Suite -->
</testng-results>
